2026-07-08 17:57:54.207 WARNING streamlit.runtime.scriptrunner_utils.script_run_context: Thread 'MainThread': missing ScriptRunContext! This warning can be ignored when running in bare mode.
2026-07-08 17:57:54.506 WARNING streamlit.runtime.scriptrunner_utils.script_run_context: Thread 'MainThread': missing ScriptRunContext! This warning can be ignored when running in bare mode.
2026-07-08 17:57:54.507 WARNING streamlit.runtime.state.session_state_proxy: Session state does not function when running a script without `streamlit run`
2026-07-08 17:57:54.507 WARNING streamlit.runtime.scriptrunner_utils.script_run_context: Thread 'MainThread': missing ScriptRunContext! This warning can be ignored when running in bare mode.
2026-07-08 17:57:54.507 WARNING streamlit.runtime.scriptrunner_utils.script_run_context: Thread 'MainThread': missing ScriptRunContext! This warning can be ignored when running in bare mode.
2026-07-08 17:57:54.507 WARNING streamlit.runtime.scriptrunner_utils.script_run_context: Thread 'MainThread': missing ScriptRunContext! This warning can be ignored when running in bare mode.
2026-07-08 17:57:54.507 WARNING streamlit.runtime.scriptrunner_utils.script_run_context: Thread 'MainThread': missing ScriptRunContext! This warning can be ignored when running in bare mode.
2026-07-08 17:57:54.583 
  [33m[1mWarning:[0m to view this Streamlit app on a browser, run it with the following
  command:

    streamlit run marketplace.app.py [ARGUMENTS]
2026-07-08 17:57:54.583 Thread 'MainThread': missing ScriptRunContext! This warning can be ignored when running in bare mode.
2026-07-08 17:57:54.583 Thread 'MainThread': missing ScriptRunContext! This warning can be ignored when running in bare mode.
2026-07-08 17:57:54.583 Thread 'MainThread': missing ScriptRunContext! This warning can be ignored when running in bare mode.
2026-07-08 17:57:54.583 Thread 'MainThread': missing ScriptRunContext! This warning can be ignored when running in bare mode.
2026-07-08 17:57:54.583 Thread 'MainThread': missing ScriptRunContext! This warning can be ignored when running in bare mode.
2026-07-08 17:57:54.583 Thread 'MainThread': missing ScriptRunContext! This warning can be ignored when running in bare mode.
2026-07-08 17:57:54.583 Thread 'MainThread': missing ScriptRunContext! This warning can be ignored when running in bare mode.
2026-07-08 17:57:54.583 Thread 'MainThread': missing ScriptRunContext! This warning can be ignored when running in bare mode.
2026-07-08 17:57:54.583 Thread 'MainThread': missing ScriptRunContext! This warning can be ignored when running in bare mode.
2026-07-08 17:57:54.583 Thread 'MainThread': missing ScriptRunContext! This warning can be ignored when running in bare mode.
2026-07-08 17:57:54.583 Thread 'MainThread': missing ScriptRunContext! This warning can be ignored when running in bare mode.
2026-07-08 17:57:54.583 Thread 'MainThread': missing ScriptRunContext! This warning can be ignored when running in bare mode.
2026-07-08 17:57:54.583 Thread 'MainThread': missing ScriptRunContext! This warning can be ignored when running in bare mode.
2026-07-08 17:57:54.583 Thread 'MainThread': missing ScriptRunContext! This warning can be ignored when running in bare mode.
2026-07-08 17:57:54.583 Thread 'MainThread': missing ScriptRunContext! This warning can be ignored when running in bare mode.
2026-07-08 17:57:54.583 Thread 'MainThread': missing ScriptRunContext! This warning can be ignored when running in bare mode.
2026-07-08 17:57:54.583 Thread 'MainThread': missing ScriptRunContext! This warning can be ignored when running in bare mode.
2026-07-08 17:57:54.583 Thread 'MainThread': missing ScriptRunContext! This warning can be ignored when running in bare mode.
2026-07-08 17:57:54.583 Thread 'MainThread': missing ScriptRunContext! This warning can be ignored when running in bare mode.
2026-07-08 17:57:54.583 Thread 'MainThread': missing ScriptRunContext! This warning can be ignored when running in bare mode.
2026-07-08 17:57:54.583 Thread 'MainThread': missing ScriptRunContext! This warning can be ignored when running in bare mode.
2026-07-08 17:57:54.583 Thread 'MainThread': missing ScriptRunContext! This warning can be ignored when running in bare mode.
2026-07-08 17:57:54.583 Thread 'MainThread': missing ScriptRunContext! This warning can be ignored when running in bare mode.
2026-07-08 17:57:54.583 Thread 'MainThread': missing ScriptRunContext! This warning can be ignored when running in bare mode.
2026-07-08 17:57:54.583 Thread 'MainThread': missing ScriptRunContext! This warning can be ignored when running in bare mode.
2026-07-08 17:57:54.583 Thread 'MainThread': missing ScriptRunContext! This warning can be ignored when running in bare mode.
2026-07-08 17:57:54.583 Thread 'MainThread': missing ScriptRunContext! This warning can be ignored when running in bare mode.
2026-07-08 17:57:54.583 Thread 'MainThread': missing ScriptRunContext! This warning can be ignored when running in bare mode.
2026-07-08 17:57:54.584 Thread 'MainThread': missing ScriptRunContext! This warning can be ignored when running in bare mode.
2026-07-08 17:57:54.584 Thread 'MainThread': missing ScriptRunContext! This warning can be ignored when running in bare mode.
2026-07-08 17:57:54.584 Thread 'MainThread': missing ScriptRunContext! This warning can be ignored when running in bare mode.
2026-07-08 17:57:54.584 Thread 'MainThread': missing ScriptRunContext! This warning can be ignored when running in bare mode.
2026-07-08 17:57:54.584 Thread 'MainThread': missing ScriptRunContext! This warning can be ignored when running in bare mode.
2026-07-08 17:57:54.584 Thread 'MainThread': missing ScriptRunContext! This warning can be ignored when running in bare mode.
2026-07-08 17:57:54.584 Thread 'MainThread': missing ScriptRunContext! This warning can be ignored when running in bare mode.
2026-07-08 17:57:54.584 Thread 'MainThread': missing ScriptRunContext! This warning can be ignored when running in bare mode.
2026-07-08 17:57:54.584 Thread 'MainThread': missing ScriptRunContext! This warning can be ignored when running in bare mode.
2026-07-08 17:57:54.584 Thread 'MainThread': missing ScriptRunContext! This warning can be ignored when running in bare mode.
2026-07-08 17:57:54.584 Thread 'MainThread': missing ScriptRunContext! This warning can be ignored when running in bare mode.
2026-07-08 17:57:54.584 Thread 'MainThread': missing ScriptRunContext! This warning can be ignored when running in bare mode.
2026-07-08 17:57:54.584 Thread 'MainThread': missing ScriptRunContext! This warning can be ignored when running in bare mode.
2026-07-08 17:57:54.584 Thread 'MainThread': missing ScriptRunContext! This warning can be ignored when running in bare mode.
2026-07-08 17:57:54.584 Thread 'MainThread': missing ScriptRunContext! This warning can be ignored when running in bare mode.
2026-07-08 17:57:54.584 Thread 'MainThread': missing ScriptRunContext! This warning can be ignored when running in bare mode.
2026-07-08 17:57:54.584 Thread 'MainThread': missing ScriptRunContext! This warning can be ignored when running in bare mode.
Traceback (most recent call last):
  File "/home/ubuntu/repo_dev/marketplace.app.py", line 142, in <module>
    render_dashboard()
  File "/home/ubuntu/repo_dev/modules/views.py", line 347, in render_dashboard
    serper_key = st.secrets.get("SERPER_API_KEY", "")
                 ^^^^^^^^^^^^^^^^^^^^^^^^^^^^^^^^^^^^
  File "<frozen _collections_abc>", line 807, in get
  File "/usr/local/lib/python3.12/dist-packages/streamlit/runtime/secrets.py", line 591, in __getitem__
    value = self._parse()[key]
            ^^^^^^^^^^^^^
  File "/usr/local/lib/python3.12/dist-packages/streamlit/runtime/secrets.py", line 422, in _parse
    raise StreamlitSecretNotFoundError(error_msg)
streamlit.errors.StreamlitSecretNotFoundError: No secrets found. Valid paths for a secrets.toml file or secret directories are: /home/ubuntu/.streamlit/secrets.toml, /home/ubuntu/repo_dev/.streamlit/secrets.toml
